\BOOKMARK [0][-]{section*.2}{List of Tables}{}% 1
\BOOKMARK [0][-]{section*.4}{List of Figures}{}% 2
\BOOKMARK [0][-]{chapter.1}{Introduction}{}% 3
\BOOKMARK [1][-]{section.1.1}{Property Graph Model}{chapter.1}% 4
\BOOKMARK [1][-]{section.1.2}{OLAP over Property Graph}{chapter.1}% 5
\BOOKMARK [1][-]{section.1.3}{Challenges of Graph OLAP}{chapter.1}% 6
\BOOKMARK [1][-]{section.1.4}{Our Solution and Contributions}{chapter.1}% 7
\BOOKMARK [0][-]{chapter.2}{Background and Related Work}{}% 8
\BOOKMARK [1][-]{section.2.1}{OLAP over Property Graph Model}{chapter.2}% 9
\BOOKMARK [2][-]{subsection.2.1.1}{OLAP Examples}{section.2.1}% 10
\BOOKMARK [2][-]{subsection.2.1.2}{Structure, Dimension, and Measure}{section.2.1}% 11
\BOOKMARK [1][-]{section.2.2}{Graph Databases and Neo4j}{chapter.2}% 12
\BOOKMARK [1][-]{section.2.3}{Related Work}{chapter.2}% 13
\BOOKMARK [0][-]{chapter.3}{Problem Definition}{}% 14
\BOOKMARK [1][-]{section.3.1}{Terminologies}{chapter.3}% 15
\BOOKMARK [2][-]{subsection.3.1.1}{Definition of Property Graph}{section.3.1}% 16
\BOOKMARK [2][-]{subsection.3.1.2}{OLAP Query}{section.3.1}% 17
\BOOKMARK [2][-]{subsection.3.1.3}{Materialization: Cuboid \046 Substructure}{section.3.1}% 18
\BOOKMARK [1][-]{section.3.2}{Problem Definition}{chapter.3}% 19
\BOOKMARK [0][-]{chapter.4}{Solution}{}% 20
\BOOKMARK [1][-]{section.4.1}{Solution Framework Overview}{chapter.4}% 21
\BOOKMARK [1][-]{section.4.2}{Materialized View Selection}{chapter.4}% 22
\BOOKMARK [2][-]{subsection.4.2.1}{Overview of Materialized View Selection}{section.4.2}% 23
\BOOKMARK [2][-]{subsection.4.2.2}{Greedy Selection Framework}{section.4.2}% 24
\BOOKMARK [2][-]{subsection.4.2.3}{CubePlanner}{section.4.2}% 25
\BOOKMARK [2][-]{subsection.4.2.4}{Structure Planner}{section.4.2}% 26
\BOOKMARK [2][-]{subsection.4.2.5}{ID and Property Selection}{section.4.2}% 27
\BOOKMARK [2][-]{subsection.4.2.6}{Update on Materialized Views}{section.4.2}% 28
\BOOKMARK [1][-]{section.4.3}{Query Processing}{chapter.4}% 29
\BOOKMARK [2][-]{subsection.4.3.1}{Substructure Selection}{section.4.3}% 30
\BOOKMARK [2][-]{subsection.4.3.2}{Decomposition and Join}{section.4.3}% 31
\BOOKMARK [0][-]{chapter.5}{Experiments}{}% 32
\BOOKMARK [1][-]{section.5.1}{Experiment Setup}{chapter.5}% 33
\BOOKMARK [2][-]{subsection.5.1.1}{Datasets}{section.5.1}% 34
\BOOKMARK [2][-]{subsection.5.1.2}{Query Workloads}{section.5.1}% 35
\BOOKMARK [2][-]{subsection.5.1.3}{System Setting}{section.5.1}% 36
\BOOKMARK [1][-]{section.5.2}{Aspects of Interest}{chapter.5}% 37
\BOOKMARK [1][-]{section.5.3}{Results and Discussion}{chapter.5}% 38
\BOOKMARK [2][-]{subsection.5.3.1}{Our System vs. Neo4j}{section.5.3}% 39
\BOOKMARK [2][-]{subsection.5.3.2}{Frequency Threshold}{section.5.3}% 40
\BOOKMARK [2][-]{subsection.5.3.3}{Space Cost Limit}{section.5.3}% 41
\BOOKMARK [2][-]{subsection.5.3.4}{Storage Level for Materialized Views}{section.5.3}% 42
\BOOKMARK [2][-]{subsection.5.3.5}{CubePlanner v.s. PMA}{section.5.3}% 43
\BOOKMARK [2][-]{subsection.5.3.6}{StructurePlanner v.s. FPM}{section.5.3}% 44
\BOOKMARK [2][-]{subsection.5.3.7}{Substructure Selection}{section.5.3}% 45
\BOOKMARK [2][-]{subsection.5.3.8}{Decompose\137Join}{section.5.3}% 46
\BOOKMARK [2][-]{subsection.5.3.9}{Reflection on Neo4j}{section.5.3}% 47
\BOOKMARK [0][-]{chapter.6}{Conclusion}{}% 48
\BOOKMARK [0][-]{section*.13}{References}{}% 49
\BOOKMARK [0][-]{appendix*.15}{APPENDICES}{}% 50
\BOOKMARK [0][-]{appendix.A}{PDF Plots From Matlab}{}% 51
\BOOKMARK [1][-]{section.A.1}{Previous Workload}{appendix.A}% 52
\BOOKMARK [1][-]{section.A.2}{Future Workload}{appendix.A}% 53
